=== puma startup: 2016-08-07 23:38:25 +0000 ===
=== puma startup: 2016-08-10 05:22:19 +0000 ===
/usr/local/rvm/gems/ruby-2.3.0/gems/rack-1.6.4/lib/rack/server.rb:355:in `delete': No such file or directory @ unlink_internal - /vagrant/tmp/pids/server.pid (Errno::ENOENT)
	from /usr/local/rvm/gems/ruby-2.3.0/gems/rack-1.6.4/lib/rack/server.rb:355:in `block in write_pid'
	from /usr/local/rvm/gems/ruby-2.3.0/gems/puma-3.6.0/lib/puma/cluster.rb:120:in `fork'
	from /usr/local/rvm/gems/ruby-2.3.0/gems/puma-3.6.0/lib/puma/cluster.rb:120:in `block in spawn_workers'
	from /usr/local/rvm/gems/ruby-2.3.0/gems/puma-3.6.0/lib/puma/cluster.rb:116:in `times'
	from /usr/local/rvm/gems/ruby-2.3.0/gems/puma-3.6.0/lib/puma/cluster.rb:116:in `spawn_workers'
	from /usr/local/rvm/gems/ruby-2.3.0/gems/puma-3.6.0/lib/puma/cluster.rb:426:in `run'
	from /usr/local/rvm/gems/ruby-2.3.0/gems/puma-3.6.0/lib/puma/launcher.rb:172:in `run'
	from /usr/local/rvm/gems/ruby-2.3.0/gems/puma-3.6.0/lib/rack/handler/puma.rb:51:in `run'
	from /usr/local/rvm/gems/ruby-2.3.0/gems/rack-1.6.4/lib/rack/server.rb:286:in `start'
	from /usr/local/rvm/gems/ruby-2.3.0/gems/railties-4.2.7/lib/rails/commands/server.rb:80:in `start'
	from /usr/local/rvm/gems/ruby-2.3.0/gems/railties-4.2.7/lib/rails/commands/commands_tasks.rb:80:in `block in server'
	from /usr/local/rvm/gems/ruby-2.3.0/gems/railties-4.2.7/lib/rails/commands/commands_tasks.rb:75:in `tap'
	from /usr/local/rvm/gems/ruby-2.3.0/gems/railties-4.2.7/lib/rails/commands/commands_tasks.rb:75:in `server'
	from /usr/local/rvm/gems/ruby-2.3.0/gems/railties-4.2.7/lib/rails/commands/commands_tasks.rb:39:in `run_command!'
	from /usr/local/rvm/gems/ruby-2.3.0/gems/railties-4.2.7/lib/rails/commands.rb:17:in `<top (required)>'
	from /vagrant/bin/rails:9:in `require'
	from /vagrant/bin/rails:9:in `<top (required)>'
	from /usr/local/rvm/gems/ruby-2.3.0/gems/spring-1.7.2/lib/spring/client/rails.rb:28:in `load'
	from /usr/local/rvm/gems/ruby-2.3.0/gems/spring-1.7.2/lib/spring/client/rails.rb:28:in `call'
	from /usr/local/rvm/gems/ruby-2.3.0/gems/spring-1.7.2/lib/spring/client/command.rb:7:in `call'
	from /usr/local/rvm/gems/ruby-2.3.0/gems/spring-1.7.2/lib/spring/client.rb:30:in `run'
	from /usr/local/rvm/gems/ruby-2.3.0/gems/spring-1.7.2/bin/spring:49:in `<top (required)>'
	from /usr/local/rvm/gems/ruby-2.3.0/gems/spring-1.7.2/lib/spring/binstub.rb:11:in `load'
	from /usr/local/rvm/gems/ruby-2.3.0/gems/spring-1.7.2/lib/spring/binstub.rb:11:in `<top (required)>'
	from /usr/local/rvm/rubies/ruby-2.3.0/lib/ruby/2.3.0/rubygems/core_ext/kernel_require.rb:55:in `require'
	from /usr/local/rvm/rubies/ruby-2.3.0/lib/ruby/2.3.0/rubygems/core_ext/kernel_require.rb:55:in `require'
	from /vagrant/bin/spring:13:in `<top (required)>'
	from /vagrant/bin/rails:3:in `load'
	from /vagrant/bin/rails:3:in `<top (required)>'
	from -e:1:in `load'
	from -e:1:in `<main>'
=== puma startup: 2016-08-10 05:25:05 +0000 ===
/usr/local/rvm/gems/ruby-2.3.0/gems/rack-1.6.4/lib/rack/server.rb:355:in `delete': No such file or directory @ unlink_internal - /vagrant/tmp/pids/server.pid (Errno::ENOENT)
	from /usr/local/rvm/gems/ruby-2.3.0/gems/rack-1.6.4/lib/rack/server.rb:355:in `block in write_pid'
	from /usr/local/rvm/gems/ruby-2.3.0/gems/puma-3.6.0/lib/puma/cluster.rb:120:in `fork'
	from /usr/local/rvm/gems/ruby-2.3.0/gems/puma-3.6.0/lib/puma/cluster.rb:120:in `block in spawn_workers'
	from /usr/local/rvm/gems/ruby-2.3.0/gems/puma-3.6.0/lib/puma/cluster.rb:116:in `times'
	from /usr/local/rvm/gems/ruby-2.3.0/gems/puma-3.6.0/lib/puma/cluster.rb:116:in `spawn_workers'
	from /usr/local/rvm/gems/ruby-2.3.0/gems/puma-3.6.0/lib/puma/cluster.rb:426:in `run'
	from /usr/local/rvm/gems/ruby-2.3.0/gems/puma-3.6.0/lib/puma/launcher.rb:172:in `run'
	from /usr/local/rvm/gems/ruby-2.3.0/gems/puma-3.6.0/lib/rack/handler/puma.rb:51:in `run'
	from /usr/local/rvm/gems/ruby-2.3.0/gems/rack-1.6.4/lib/rack/server.rb:286:in `start'
	from /usr/local/rvm/gems/ruby-2.3.0/gems/railties-4.2.7/lib/rails/commands/server.rb:80:in `start'
	from /usr/local/rvm/gems/ruby-2.3.0/gems/railties-4.2.7/lib/rails/commands/commands_tasks.rb:80:in `block in server'
	from /usr/local/rvm/gems/ruby-2.3.0/gems/railties-4.2.7/lib/rails/commands/commands_tasks.rb:75:in `tap'
	from /usr/local/rvm/gems/ruby-2.3.0/gems/railties-4.2.7/lib/rails/commands/commands_tasks.rb:75:in `server'
	from /usr/local/rvm/gems/ruby-2.3.0/gems/railties-4.2.7/lib/rails/commands/commands_tasks.rb:39:in `run_command!'
	from /usr/local/rvm/gems/ruby-2.3.0/gems/railties-4.2.7/lib/rails/commands.rb:17:in `<top (required)>'
	from /vagrant/bin/rails:9:in `require'
	from /vagrant/bin/rails:9:in `<top (required)>'
	from /usr/local/rvm/gems/ruby-2.3.0/gems/spring-1.7.2/lib/spring/client/rails.rb:28:in `load'
	from /usr/local/rvm/gems/ruby-2.3.0/gems/spring-1.7.2/lib/spring/client/rails.rb:28:in `call'
	from /usr/local/rvm/gems/ruby-2.3.0/gems/spring-1.7.2/lib/spring/client/command.rb:7:in `call'
	from /usr/local/rvm/gems/ruby-2.3.0/gems/spring-1.7.2/lib/spring/client.rb:30:in `run'
	from /usr/local/rvm/gems/ruby-2.3.0/gems/spring-1.7.2/bin/spring:49:in `<top (required)>'
	from /usr/local/rvm/gems/ruby-2.3.0/gems/spring-1.7.2/lib/spring/binstub.rb:11:in `load'
	from /usr/local/rvm/gems/ruby-2.3.0/gems/spring-1.7.2/lib/spring/binstub.rb:11:in `<top (required)>'
	from /usr/local/rvm/rubies/ruby-2.3.0/lib/ruby/2.3.0/rubygems/core_ext/kernel_require.rb:55:in `require'
	from /usr/local/rvm/rubies/ruby-2.3.0/lib/ruby/2.3.0/rubygems/core_ext/kernel_require.rb:55:in `require'
	from /vagrant/bin/spring:13:in `<top (required)>'
	from /vagrant/bin/rails:3:in `load'
	from /vagrant/bin/rails:3:in `<top (required)>'
	from -e:1:in `load'
	from -e:1:in `<main>'
=== puma startup: 2016-08-10 05:27:57 +0000 ===
/usr/local/rvm/gems/ruby-2.3.0/gems/rack-1.6.4/lib/rack/server.rb:355:in `delete': No such file or directory @ unlink_internal - /vagrant/tmp/pids/server.pid (Errno::ENOENT)
	from /usr/local/rvm/gems/ruby-2.3.0/gems/rack-1.6.4/lib/rack/server.rb:355:in `block in write_pid'
	from /usr/local/rvm/gems/ruby-2.3.0/gems/puma-3.6.0/lib/puma/cluster.rb:120:in `fork'
	from /usr/local/rvm/gems/ruby-2.3.0/gems/puma-3.6.0/lib/puma/cluster.rb:120:in `block in spawn_workers'
	from /usr/local/rvm/gems/ruby-2.3.0/gems/puma-3.6.0/lib/puma/cluster.rb:116:in `times'
	from /usr/local/rvm/gems/ruby-2.3.0/gems/puma-3.6.0/lib/puma/cluster.rb:116:in `spawn_workers'
	from /usr/local/rvm/gems/ruby-2.3.0/gems/puma-3.6.0/lib/puma/cluster.rb:426:in `run'
	from /usr/local/rvm/gems/ruby-2.3.0/gems/puma-3.6.0/lib/puma/launcher.rb:172:in `run'
	from /usr/local/rvm/gems/ruby-2.3.0/gems/puma-3.6.0/lib/rack/handler/puma.rb:51:in `run'
	from /usr/local/rvm/gems/ruby-2.3.0/gems/rack-1.6.4/lib/rack/server.rb:286:in `start'
	from /usr/local/rvm/gems/ruby-2.3.0/gems/railties-4.2.7/lib/rails/commands/server.rb:80:in `start'
	from /usr/local/rvm/gems/ruby-2.3.0/gems/railties-4.2.7/lib/rails/commands/commands_tasks.rb:80:in `block in server'
	from /usr/local/rvm/gems/ruby-2.3.0/gems/railties-4.2.7/lib/rails/commands/commands_tasks.rb:75:in `tap'
	from /usr/local/rvm/gems/ruby-2.3.0/gems/railties-4.2.7/lib/rails/commands/commands_tasks.rb:75:in `server'
	from /usr/local/rvm/gems/ruby-2.3.0/gems/railties-4.2.7/lib/rails/commands/commands_tasks.rb:39:in `run_command!'
	from /usr/local/rvm/gems/ruby-2.3.0/gems/railties-4.2.7/lib/rails/commands.rb:17:in `<top (required)>'
	from /vagrant/bin/rails:9:in `require'
	from /vagrant/bin/rails:9:in `<top (required)>'
	from /usr/local/rvm/gems/ruby-2.3.0/gems/spring-1.7.2/lib/spring/client/rails.rb:28:in `load'
	from /usr/local/rvm/gems/ruby-2.3.0/gems/spring-1.7.2/lib/spring/client/rails.rb:28:in `call'
	from /usr/local/rvm/gems/ruby-2.3.0/gems/spring-1.7.2/lib/spring/client/command.rb:7:in `call'
	from /usr/local/rvm/gems/ruby-2.3.0/gems/spring-1.7.2/lib/spring/client.rb:30:in `run'
	from /usr/local/rvm/gems/ruby-2.3.0/gems/spring-1.7.2/bin/spring:49:in `<top (required)>'
	from /usr/local/rvm/gems/ruby-2.3.0/gems/spring-1.7.2/lib/spring/binstub.rb:11:in `load'
	from /usr/local/rvm/gems/ruby-2.3.0/gems/spring-1.7.2/lib/spring/binstub.rb:11:in `<top (required)>'
	from /usr/local/rvm/rubies/ruby-2.3.0/lib/ruby/2.3.0/rubygems/core_ext/kernel_require.rb:55:in `require'
	from /usr/local/rvm/rubies/ruby-2.3.0/lib/ruby/2.3.0/rubygems/core_ext/kernel_require.rb:55:in `require'
	from /vagrant/bin/spring:13:in `<top (required)>'
	from /vagrant/bin/rails:3:in `load'
	from /vagrant/bin/rails:3:in `<top (required)>'
	from -e:1:in `load'
	from -e:1:in `<main>'
